九月 08, 2020 5:58:18 下午 io.github.yedaxia.apidocs.LogUtils info
信息: info: find java src paths:  [F:\xiangxueedu\project\mall-springcloud\mall-user-service\src\main\java\]
九月 08, 2020 5:58:18 下午 io.github.yedaxia.apidocs.LogUtils info
信息: info: found it a SPRING project, tell us if we are wrong.
九月 08, 2020 5:58:18 下午 io.github.yedaxia.apidocs.LogUtils info
信息: info: start find controllers in path : F:\xiangxueedu\project\mall-springcloud\mall-user-service\src\main\java\
九月 08, 2020 5:58:18 下午 io.github.yedaxia.apidocs.LogUtils info
信息: info: find controller file : AuthorizeServiceImpl.java
九月 08, 2020 5:58:18 下午 io.github.yedaxia.apidocs.LogUtils info
信息: info: find controller file : DepartmentServiceImpl.java
九月 08, 2020 5:58:18 下午 io.github.yedaxia.apidocs.LogUtils info
信息: info: find controller file : DictDataServiceImpl.java
九月 08, 2020 5:58:18 下午 io.github.yedaxia.apidocs.LogUtils info
信息: info: find controller file : DictTypeServiceImpl.java
九月 08, 2020 5:58:18 下午 io.github.yedaxia.apidocs.LogUtils info
信息: info: find controller file : LoginServiceImpl.java
九月 08, 2020 5:58:18 下午 io.github.yedaxia.apidocs.LogUtils info
信息: info: find controller file : ResourceServiceImpl.java
九月 08, 2020 5:58:18 下午 io.github.yedaxia.apidocs.LogUtils info
信息: info: find controller file : RoleServiceImpl.java
九月 08, 2020 5:58:18 下午 io.github.yedaxia.apidocs.LogUtils info
信息: info: find controller file : UserAddressServiceImpl.java
九月 08, 2020 5:58:18 下午 io.github.yedaxia.apidocs.LogUtils info
信息: info: find controller file : UserServiceImpl.java
九月 08, 2020 5:58:18 下午 io.github.yedaxia.apidocs.LogUtils info
信息: info: start to parse controller file : AuthorizeServiceImpl.java
九月 08, 2020 5:58:18 下午 io.github.yedaxia.apidocs.LogUtils info
信息: info: success to parse controller file : AuthorizeServiceImpl.java
九月 08, 2020 5:58:18 下午 io.github.yedaxia.apidocs.LogUtils info
信息: info: start to parse controller file : DepartmentServiceImpl.java
九月 08, 2020 5:58:18 下午 io.github.yedaxia.apidocs.LogUtils info
信息: info: success to parse controller file : DepartmentServiceImpl.java
九月 08, 2020 5:58:18 下午 io.github.yedaxia.apidocs.LogUtils info
信息: info: start to parse controller file : DictDataServiceImpl.java
九月 08, 2020 5:58:19 下午 io.github.yedaxia.apidocs.LogUtils info
信息: info: success to parse controller file : DictDataServiceImpl.java
九月 08, 2020 5:58:19 下午 io.github.yedaxia.apidocs.LogUtils info
信息: info: start to parse controller file : DictTypeServiceImpl.java
九月 08, 2020 5:58:19 下午 io.github.yedaxia.apidocs.LogUtils info
信息: info: success to parse controller file : DictTypeServiceImpl.java
九月 08, 2020 5:58:19 下午 io.github.yedaxia.apidocs.LogUtils info
信息: info: start to parse controller file : LoginServiceImpl.java
九月 08, 2020 5:58:19 下午 io.github.yedaxia.apidocs.LogUtils info
信息: info: success to parse controller file : LoginServiceImpl.java
九月 08, 2020 5:58:19 下午 io.github.yedaxia.apidocs.LogUtils info
信息: info: start to parse controller file : ResourceServiceImpl.java
九月 08, 2020 5:58:20 下午 io.github.yedaxia.apidocs.LogUtils info
信息: info: success to parse controller file : ResourceServiceImpl.java
九月 08, 2020 5:58:20 下午 io.github.yedaxia.apidocs.LogUtils info
信息: info: start to parse controller file : RoleServiceImpl.java
九月 08, 2020 5:58:20 下午 io.github.yedaxia.apidocs.LogUtils info
信息: info: success to parse controller file : RoleServiceImpl.java
九月 08, 2020 5:58:20 下午 io.github.yedaxia.apidocs.LogUtils info
信息: info: start to parse controller file : UserAddressServiceImpl.java
九月 08, 2020 5:58:20 下午 io.github.yedaxia.apidocs.LogUtils info
信息: info: success to parse controller file : UserAddressServiceImpl.java
九月 08, 2020 5:58:20 下午 io.github.yedaxia.apidocs.LogUtils info
信息: info: start to parse controller file : UserServiceImpl.java
九月 08, 2020 5:58:21 下午 io.github.yedaxia.apidocs.LogUtils info
信息: info: success to parse controller file : UserServiceImpl.java
九月 08, 2020 5:58:21 下午 io.github.yedaxia.apidocs.LogUtils info
信息: info: generate api docs start...
九月 08, 2020 5:58:21 下午 io.github.yedaxia.apidocs.LogUtils info
信息: info: start to generate docs for controller file : F:\xiangxueedu\project\mall-springcloud\mall-user-service\src\main\java\cn\enjoy\users\service\impl\AuthorizeServiceImpl.java
九月 08, 2020 5:58:21 下午 io.github.yedaxia.apidocs.LogUtils info
信息: info: success to generate docs for controller file : F:\xiangxueedu\project\mall-springcloud\mall-user-service\src\main\java\cn\enjoy\users\service\impl\AuthorizeServiceImpl.java
九月 08, 2020 5:58:21 下午 io.github.yedaxia.apidocs.LogUtils info
信息: info: start to generate docs for controller file : F:\xiangxueedu\project\mall-springcloud\mall-user-service\src\main\java\cn\enjoy\users\service\impl\DepartmentServiceImpl.java
九月 08, 2020 5:58:21 下午 io.github.yedaxia.apidocs.LogUtils info
信息: info: success to generate docs for controller file : F:\xiangxueedu\project\mall-springcloud\mall-user-service\src\main\java\cn\enjoy\users\service\impl\DepartmentServiceImpl.java
九月 08, 2020 5:58:21 下午 io.github.yedaxia.apidocs.LogUtils info
信息: info: start to generate docs for controller file : F:\xiangxueedu\project\mall-springcloud\mall-user-service\src\main\java\cn\enjoy\users\service\impl\DictDataServiceImpl.java
九月 08, 2020 5:58:21 下午 io.github.yedaxia.apidocs.LogUtils info
信息: info: success to generate docs for controller file : F:\xiangxueedu\project\mall-springcloud\mall-user-service\src\main\java\cn\enjoy\users\service\impl\DictDataServiceImpl.java
九月 08, 2020 5:58:21 下午 io.github.yedaxia.apidocs.LogUtils info
信息: info: start to generate docs for controller file : F:\xiangxueedu\project\mall-springcloud\mall-user-service\src\main\java\cn\enjoy\users\service\impl\DictTypeServiceImpl.java
九月 08, 2020 5:58:21 下午 io.github.yedaxia.apidocs.LogUtils info
信息: info: success to generate docs for controller file : F:\xiangxueedu\project\mall-springcloud\mall-user-service\src\main\java\cn\enjoy\users\service\impl\DictTypeServiceImpl.java
九月 08, 2020 5:58:21 下午 io.github.yedaxia.apidocs.LogUtils info
信息: info: start to generate docs for controller file : F:\xiangxueedu\project\mall-springcloud\mall-user-service\src\main\java\cn\enjoy\users\service\impl\LoginServiceImpl.java
九月 08, 2020 5:58:21 下午 io.github.yedaxia.apidocs.LogUtils info
信息: info: success to generate docs for controller file : F:\xiangxueedu\project\mall-springcloud\mall-user-service\src\main\java\cn\enjoy\users\service\impl\LoginServiceImpl.java
九月 08, 2020 5:58:21 下午 io.github.yedaxia.apidocs.LogUtils info
信息: info: start to generate docs for controller file : F:\xiangxueedu\project\mall-springcloud\mall-user-service\src\main\java\cn\enjoy\users\service\impl\ResourceServiceImpl.java
九月 08, 2020 5:58:21 下午 io.github.yedaxia.apidocs.LogUtils info
信息: info: success to generate docs for controller file : F:\xiangxueedu\project\mall-springcloud\mall-user-service\src\main\java\cn\enjoy\users\service\impl\ResourceServiceImpl.java
九月 08, 2020 5:58:21 下午 io.github.yedaxia.apidocs.LogUtils info
信息: info: start to generate docs for controller file : F:\xiangxueedu\project\mall-springcloud\mall-user-service\src\main\java\cn\enjoy\users\service\impl\RoleServiceImpl.java
九月 08, 2020 5:58:21 下午 io.github.yedaxia.apidocs.LogUtils info
信息: info: success to generate docs for controller file : F:\xiangxueedu\project\mall-springcloud\mall-user-service\src\main\java\cn\enjoy\users\service\impl\RoleServiceImpl.java
九月 08, 2020 5:58:21 下午 io.github.yedaxia.apidocs.LogUtils info
信息: info: start to generate docs for controller file : F:\xiangxueedu\project\mall-springcloud\mall-user-service\src\main\java\cn\enjoy\users\service\impl\UserAddressServiceImpl.java
九月 08, 2020 5:58:21 下午 io.github.yedaxia.apidocs.LogUtils info
信息: info: success to generate docs for controller file : F:\xiangxueedu\project\mall-springcloud\mall-user-service\src\main\java\cn\enjoy\users\service\impl\UserAddressServiceImpl.java
九月 08, 2020 5:58:21 下午 io.github.yedaxia.apidocs.LogUtils info
信息: info: start to generate docs for controller file : F:\xiangxueedu\project\mall-springcloud\mall-user-service\src\main\java\cn\enjoy\users\service\impl\UserServiceImpl.java
九月 08, 2020 5:58:21 下午 io.github.yedaxia.apidocs.LogUtils info
信息: info: success to generate docs for controller file : F:\xiangxueedu\project\mall-springcloud\mall-user-service\src\main\java\cn\enjoy\users\service\impl\UserServiceImpl.java
九月 08, 2020 5:58:21 下午 io.github.yedaxia.apidocs.LogUtils info
信息: info: generate index start !!!
九月 08, 2020 5:58:21 下午 io.github.yedaxia.apidocs.LogUtils info
信息: info: generate index done !!!
九月 08, 2020 5:58:21 下午 io.github.yedaxia.apidocs.LogUtils info
信息: info: generate api docs done !!!
